<?xml version="1.0" encoding="UTF-8"?>
<testsuite name="TestFileSaver" tests="1" skipped="0" failures="0" errors="0" timestamp="2020-11-16T04:04:47" hostname="nryet-ThinkPad-E595" time="0.686">
  <properties/>
  <testcase name="cleanDisks" classname="TestFileSaver" time="0.686"/>
  <system-out><![CDATA[[DEBUG] 2020-11-16 12:04:47.626 Test worker MetaManager:21 - src/main/resources/META/meta.json
[INFO ] 2020-11-16 12:04:47.681 Test worker FileSaver:147 - 8 disks found.
]]></system-out>
  <system-err><![CDATA[]]></system-err>
</testsuite>
